<?xml version="1.0" encoding="UTF-8"?>
<testsuite xmlns:xsi="http://www.w3.org/2001/XMLSchema-instance" xsi:noNamespaceSchemaLocation="https://maven.apache.org/surefire/maven-surefire-plugin/xsd/surefire-test-report-3.0.xsd" version="3.0" name="com.slkgroup.spring.web.service.impl.EmployeeServiceImplTest" time="0.036" tests="7" errors="0" skipped="0" failures="0">
  <properties>
    <property name="sun.desktop" value="windows"/>
    <property name="awt.toolkit" value="sun.awt.windows.WToolkit"/>
    <property name="file.encoding.pkg" value="sun.io"/>
    <property name="java.specification.version" value="1.8"/>
    <property name="sun.cpu.isalist" value="amd64"/>
    <property name="sun.jnu.encoding" value="Cp1252"/>
    <property name="java.class.path" value="C:\Users\razi.ahmad\git\TESTGIT\target\test-classes;C:\Users\razi.ahmad\git\TESTGIT\target\classes;C:\Users\razi.ahmad\.m2\repository\org\springframework\spring-core\4.1.5.RELEASE\spring-core-4.1.5.RELEASE.jar;C:\Users\razi.ahmad\.m2\repository\commons-logging\commons-logging\1.2\commons-logging-1.2.jar;C:\Users\razi.ahmad\.m2\repository\org\springframework\spring-context\4.1.5.RELEASE\spring-context-4.1.5.RELEASE.jar;C:\Users\razi.ahmad\.m2\repository\org\springframework\spring-aop\4.1.5.RELEASE\spring-aop-4.1.5.RELEASE.jar;C:\Users\razi.ahmad\.m2\repository\aopalliance\aopalliance\1.0\aopalliance-1.0.jar;C:\Users\razi.ahmad\.m2\repository\org\springframework\spring-beans\4.1.5.RELEASE\spring-beans-4.1.5.RELEASE.jar;C:\Users\razi.ahmad\.m2\repository\org\springframework\spring-expression\4.1.5.RELEASE\spring-expression-4.1.5.RELEASE.jar;C:\Users\razi.ahmad\.m2\repository\org\springframework\spring-web\4.1.5.RELEASE\spring-web-4.1.5.RELEASE.jar;C:\Users\razi.ahmad\.m2\repository\org\springframework\spring-webmvc\4.1.5.RELEASE\spring-webmvc-4.1.5.RELEASE.jar;C:\Users\razi.ahmad\.m2\repository\org\springframework\spring-orm\4.1.5.RELEASE\spring-orm-4.1.5.RELEASE.jar;C:\Users\razi.ahmad\.m2\repository\org\springframework\spring-jdbc\4.1.5.RELEASE\spring-jdbc-4.1.5.RELEASE.jar;C:\Users\razi.ahmad\.m2\repository\org\springframework\spring-tx\4.1.5.RELEASE\spring-tx-4.1.5.RELEASE.jar;C:\Users\razi.ahmad\.m2\repository\org\springframework\spring-test\4.1.5.RELEASE\spring-test-4.1.5.RELEASE.jar;C:\Users\razi.ahmad\.m2\repository\org\hibernate\hibernate-core\4.3.8.Final\hibernate-core-4.3.8.Final.jar;C:\Users\razi.ahmad\.m2\repository\org\jboss\logging\jboss-logging\3.1.3.GA\jboss-logging-3.1.3.GA.jar;C:\Users\razi.ahmad\.m2\repository\org\jboss\logging\jboss-logging-annotations\1.2.0.Beta1\jboss-logging-annotations-1.2.0.Beta1.jar;C:\Users\razi.ahmad\.m2\repository\org\jboss\spec\javax\transaction\jboss-transaction-api_1.2_spec\1.0.0.Final\jboss-transaction-api_1.2_spec-1.0.0.Final.jar;C:\Users\razi.ahmad\.m2\repository\dom4j\dom4j\1.6.1\dom4j-1.6.1.jar;C:\Users\razi.ahmad\.m2\repository\xml-apis\xml-apis\1.0.b2\xml-apis-1.0.b2.jar;C:\Users\razi.ahmad\.m2\repository\org\hibernate\common\hibernate-commons-annotations\4.0.5.Final\hibernate-commons-annotations-4.0.5.Final.jar;C:\Users\razi.ahmad\.m2\repository\org\hibernate\javax\persistence\hibernate-jpa-2.1-api\1.0.0.Final\hibernate-jpa-2.1-api-1.0.0.Final.jar;C:\Users\razi.ahmad\.m2\repository\org\javassist\javassist\3.18.1-GA\javassist-3.18.1-GA.jar;C:\Users\razi.ahmad\.m2\repository\antlr\antlr\2.7.7\antlr-2.7.7.jar;C:\Users\razi.ahmad\.m2\repository\org\jboss\jandex\1.1.0.Final\jandex-1.1.0.Final.jar;C:\Users\razi.ahmad\.m2\repository\org\hibernate\hibernate-c3p0\4.3.8.Final\hibernate-c3p0-4.3.8.Final.jar;C:\Users\razi.ahmad\.m2\repository\com\mchange\c3p0\0.9.2.1\c3p0-0.9.2.1.jar;C:\Users\razi.ahmad\.m2\repository\com\mchange\mchange-commons-java\0.2.3.4\mchange-commons-java-0.2.3.4.jar;C:\Users\razi.ahmad\.m2\repository\mysql\mysql-connector-java\5.1.10\mysql-connector-java-5.1.10.jar;C:\Users\razi.ahmad\.m2\repository\javax\servlet\javax.servlet-api\3.1.0\javax.servlet-api-3.1.0.jar;C:\Users\razi.ahmad\.m2\repository\javax\servlet\jsp\jsp-api\2.1\jsp-api-2.1.jar;C:\Users\razi.ahmad\.m2\repository\jstl\jstl\1.2\jstl-1.2.jar;C:\Users\razi.ahmad\.m2\repository\junit\junit\4.11\junit-4.11.jar;C:\Users\razi.ahmad\.m2\repository\org\hamcrest\hamcrest-core\1.3\hamcrest-core-1.3.jar;C:\Users\razi.ahmad\.m2\repository\org\sonarsource\scanner\maven\sonar-maven-plugin\3.2\sonar-maven-plugin-3.2.jar;C:\Users\razi.ahmad\.m2\repository\org\apache\maven\shared\maven-dependency-tree\2.2\maven-dependency-tree-2.2.jar;C:\Users\razi.ahmad\.m2\repository\org\codehaus\plexus\plexus-component-annotations\1.5.5\plexus-component-annotations-1.5.5.jar;C:\Users\razi.ahmad\.m2\repository\org\eclipse\aether\aether-util\0.9.0.M2\aether-util-0.9.0.M2.jar;C:\Users\razi.ahmad\.m2\repository\org\sonatype\plexus\plexus-sec-dispatcher\1.4\plexus-sec-dispatcher-1.4.jar;C:\Users\razi.ahmad\.m2\repository\org\sonatype\plexus\plexus-cipher\1.4\plexus-cipher-1.4.jar;C:\Users\razi.ahmad\.m2\repository\org\codehaus\plexus\plexus-utils\3.0.22\plexus-utils-3.0.22.jar;C:\Users\razi.ahmad\.m2\repository\org\sonarsource\scanner\api\sonar-scanner-api\2.8\sonar-scanner-api-2.8.jar;C:\Users\razi.ahmad\.m2\repository\commons-lang\commons-lang\2.6\commons-lang-2.6.jar;C:\Users\razi.ahmad\.m2\repository\com\google\code\findbugs\jsr305\2.0.3\jsr305-2.0.3.jar;C:\Users\razi.ahmad\.m2\repository\org\mockito\mockito-all\1.10.19\mockito-all-1.10.19.jar;C:\Users\razi.ahmad\.m2\repository\com\h2database\h2\1.4.192\h2-1.4.192.jar;"/>
    <property name="java.vm.vendor" value="Oracle Corporation"/>
    <property name="sun.arch.data.model" value="64"/>
    <property name="user.variant" value=""/>
    <property name="java.vendor.url" value="http://java.oracle.com/"/>
    <property name="user.timezone" value="Asia/Calcutta"/>
    <property name="java.vm.specification.version" value="1.8"/>
    <property name="os.name" value="Windows 10"/>
    <property name="user.country" value="US"/>
    <property name="sun.java.launcher" value="SUN_STANDARD"/>
    <property name="sun.boot.library.path" value="C:\Program Files\Java\jdk1.8.0_191\jre\bin"/>
    <property name="sun.java.command" value="C:\Users\razi.ahmad\AppData\Local\Temp\surefire399361543036411447\surefirebooter838275281362635226.jar C:\Users\razi.ahmad\AppData\Local\Temp\surefire399361543036411447 2019-05-17T18-22-00_797-jvmRun1 surefire6412538355598633466tmp surefire_05738980133757029255tmp"/>
    <property name="surefire.test.class.path" value="C:\Users\razi.ahmad\git\TESTGIT\target\test-classes;C:\Users\razi.ahmad\git\TESTGIT\target\classes;C:\Users\razi.ahmad\.m2\repository\org\springframework\spring-core\4.1.5.RELEASE\spring-core-4.1.5.RELEASE.jar;C:\Users\razi.ahmad\.m2\repository\commons-logging\commons-logging\1.2\commons-logging-1.2.jar;C:\Users\razi.ahmad\.m2\repository\org\springframework\spring-context\4.1.5.RELEASE\spring-context-4.1.5.RELEASE.jar;C:\Users\razi.ahmad\.m2\repository\org\springframework\spring-aop\4.1.5.RELEASE\spring-aop-4.1.5.RELEASE.jar;C:\Users\razi.ahmad\.m2\repository\aopalliance\aopalliance\1.0\aopalliance-1.0.jar;C:\Users\razi.ahmad\.m2\repository\org\springframework\spring-beans\4.1.5.RELEASE\spring-beans-4.1.5.RELEASE.jar;C:\Users\razi.ahmad\.m2\repository\org\springframework\spring-expression\4.1.5.RELEASE\spring-expression-4.1.5.RELEASE.jar;C:\Users\razi.ahmad\.m2\repository\org\springframework\spring-web\4.1.5.RELEASE\spring-web-4.1.5.RELEASE.jar;C:\Users\razi.ahmad\.m2\repository\org\springframework\spring-webmvc\4.1.5.RELEASE\spring-webmvc-4.1.5.RELEASE.jar;C:\Users\razi.ahmad\.m2\repository\org\springframework\spring-orm\4.1.5.RELEASE\spring-orm-4.1.5.RELEASE.jar;C:\Users\razi.ahmad\.m2\repository\org\springframework\spring-jdbc\4.1.5.RELEASE\spring-jdbc-4.1.5.RELEASE.jar;C:\Users\razi.ahmad\.m2\repository\org\springframework\spring-tx\4.1.5.RELEASE\spring-tx-4.1.5.RELEASE.jar;C:\Users\razi.ahmad\.m2\repository\org\springframework\spring-test\4.1.5.RELEASE\spring-test-4.1.5.RELEASE.jar;C:\Users\razi.ahmad\.m2\repository\org\hibernate\hibernate-core\4.3.8.Final\hibernate-core-4.3.8.Final.jar;C:\Users\razi.ahmad\.m2\repository\org\jboss\logging\jboss-logging\3.1.3.GA\jboss-logging-3.1.3.GA.jar;C:\Users\razi.ahmad\.m2\repository\org\jboss\logging\jboss-logging-annotations\1.2.0.Beta1\jboss-logging-annotations-1.2.0.Beta1.jar;C:\Users\razi.ahmad\.m2\repository\org\jboss\spec\javax\transaction\jboss-transaction-api_1.2_spec\1.0.0.Final\jboss-transaction-api_1.2_spec-1.0.0.Final.jar;C:\Users\razi.ahmad\.m2\repository\dom4j\dom4j\1.6.1\dom4j-1.6.1.jar;C:\Users\razi.ahmad\.m2\repository\xml-apis\xml-apis\1.0.b2\xml-apis-1.0.b2.jar;C:\Users\razi.ahmad\.m2\repository\org\hibernate\common\hibernate-commons-annotations\4.0.5.Final\hibernate-commons-annotations-4.0.5.Final.jar;C:\Users\razi.ahmad\.m2\repository\org\hibernate\javax\persistence\hibernate-jpa-2.1-api\1.0.0.Final\hibernate-jpa-2.1-api-1.0.0.Final.jar;C:\Users\razi.ahmad\.m2\repository\org\javassist\javassist\3.18.1-GA\javassist-3.18.1-GA.jar;C:\Users\razi.ahmad\.m2\repository\antlr\antlr\2.7.7\antlr-2.7.7.jar;C:\Users\razi.ahmad\.m2\repository\org\jboss\jandex\1.1.0.Final\jandex-1.1.0.Final.jar;C:\Users\razi.ahmad\.m2\repository\org\hibernate\hibernate-c3p0\4.3.8.Final\hibernate-c3p0-4.3.8.Final.jar;C:\Users\razi.ahmad\.m2\repository\com\mchange\c3p0\0.9.2.1\c3p0-0.9.2.1.jar;C:\Users\razi.ahmad\.m2\repository\com\mchange\mchange-commons-java\0.2.3.4\mchange-commons-java-0.2.3.4.jar;C:\Users\razi.ahmad\.m2\repository\mysql\mysql-connector-java\5.1.10\mysql-connector-java-5.1.10.jar;C:\Users\razi.ahmad\.m2\repository\javax\servlet\javax.servlet-api\3.1.0\javax.servlet-api-3.1.0.jar;C:\Users\razi.ahmad\.m2\repository\javax\servlet\jsp\jsp-api\2.1\jsp-api-2.1.jar;C:\Users\razi.ahmad\.m2\repository\jstl\jstl\1.2\jstl-1.2.jar;C:\Users\razi.ahmad\.m2\repository\junit\junit\4.11\junit-4.11.jar;C:\Users\razi.ahmad\.m2\repository\org\hamcrest\hamcrest-core\1.3\hamcrest-core-1.3.jar;C:\Users\razi.ahmad\.m2\repository\org\sonarsource\scanner\maven\sonar-maven-plugin\3.2\sonar-maven-plugin-3.2.jar;C:\Users\razi.ahmad\.m2\repository\org\apache\maven\shared\maven-dependency-tree\2.2\maven-dependency-tree-2.2.jar;C:\Users\razi.ahmad\.m2\repository\org\codehaus\plexus\plexus-component-annotations\1.5.5\plexus-component-annotations-1.5.5.jar;C:\Users\razi.ahmad\.m2\repository\org\eclipse\aether\aether-util\0.9.0.M2\aether-util-0.9.0.M2.jar;C:\Users\razi.ahmad\.m2\repository\org\sonatype\plexus\plexus-sec-dispatcher\1.4\plexus-sec-dispatcher-1.4.jar;C:\Users\razi.ahmad\.m2\repository\org\sonatype\plexus\plexus-cipher\1.4\plexus-cipher-1.4.jar;C:\Users\razi.ahmad\.m2\repository\org\codehaus\plexus\plexus-utils\3.0.22\plexus-utils-3.0.22.jar;C:\Users\razi.ahmad\.m2\repository\org\sonarsource\scanner\api\sonar-scanner-api\2.8\sonar-scanner-api-2.8.jar;C:\Users\razi.ahmad\.m2\repository\commons-lang\commons-lang\2.6\commons-lang-2.6.jar;C:\Users\razi.ahmad\.m2\repository\com\google\code\findbugs\jsr305\2.0.3\jsr305-2.0.3.jar;C:\Users\razi.ahmad\.m2\repository\org\mockito\mockito-all\1.10.19\mockito-all-1.10.19.jar;C:\Users\razi.ahmad\.m2\repository\com\h2database\h2\1.4.192\h2-1.4.192.jar;"/>
    <property name="sun.cpu.endian" value="little"/>
    <property name="user.home" value="C:\Users\razi.ahmad"/>
    <property name="user.language" value="en"/>
    <property name="java.specification.vendor" value="Oracle Corporation"/>
    <property name="java.home" value="C:\Program Files\Java\jdk1.8.0_191\jre"/>
    <property name="basedir" value="C:\Users\razi.ahmad\git\TESTGIT"/>
    <property name="file.separator" value="\"/>
    <property name="line.separator" value="&#10;"/>
    <property name="java.vm.specification.vendor" value="Oracle Corporation"/>
    <property name="java.specification.name" value="Java Platform API Specification"/>
    <property name="java.awt.graphicsenv" value="sun.awt.Win32GraphicsEnvironment"/>
    <property name="surefire.real.class.path" value="C:\Users\razi.ahmad\AppData\Local\Temp\surefire399361543036411447\surefirebooter838275281362635226.jar;C:\\Users\\razi.ahmad\\.m2\\repository\\org\\jacoco\\org.jacoco.agent\\0.8.3\\org.jacoco.agent-0.8.3-runtime.jar"/>
    <property name="sun.boot.class.path" value="C:\Program Files\Java\jdk1.8.0_191\jre\lib\resources.jar;C:\Program Files\Java\jdk1.8.0_191\jre\lib\rt.jar;C:\Program Files\Java\jdk1.8.0_191\jre\lib\sunrsasign.jar;C:\Program Files\Java\jdk1.8.0_191\jre\lib\jsse.jar;C:\Program Files\Java\jdk1.8.0_191\jre\lib\jce.jar;C:\Program Files\Java\jdk1.8.0_191\jre\lib\charsets.jar;C:\Program Files\Java\jdk1.8.0_191\jre\lib\jfr.jar;C:\Program Files\Java\jdk1.8.0_191\jre\classes"/>
    <property name="user.script" value=""/>
    <property name="sun.management.compiler" value="HotSpot 64-Bit Tiered Compilers"/>
    <property name="java.runtime.version" value="1.8.0_191-b12"/>
    <property name="user.name" value="razi.ahmad"/>
    <property name="path.separator" value=";"/>
    <property name="os.version" value="10.0"/>
    <property name="java.endorsed.dirs" value="C:\Program Files\Java\jdk1.8.0_191\jre\lib\endorsed"/>
    <property name="java.runtime.name" value="Java(TM) SE Runtime Environment"/>
    <property name="file.encoding" value="Cp1252"/>
    <property name="java.vm.name" value="Java HotSpot(TM) 64-Bit Server VM"/>
    <property name="localRepository" value="C:\Users\razi.ahmad\.m2\repository"/>
    <property name="java.vendor.url.bug" value="http://bugreport.sun.com/bugreport/"/>
    <property name="java.io.tmpdir" value="C:\Users\RAZI~1.AHM\AppData\Local\Temp\"/>
    <property name="java.version" value="1.8.0_191"/>
    <property name="user.dir" value="C:\Users\razi.ahmad\git\TESTGIT"/>
    <property name="os.arch" value="amd64"/>
    <property name="java.vm.specification.name" value="Java Virtual Machine Specification"/>
    <property name="java.awt.printerjob" value="sun.awt.windows.WPrinterJob"/>
    <property name="sun.os.patch.level" value=""/>
    <property name="java.library.path" value="C:\Program Files\Java\jdk1.8.0_191\jre\bin;C:\windows\Sun\Java\bin;C:\windows\system32;C:\windows;C:\Program Files (x86)\Common Files\Oracle\Java\javapath;C:\windows\system32;C:\windows;C:\windows\System32\Wbem;C:\windows\System32\WindowsPowerShell\v1.0\;C:\Program Files\Git\cmd;C:\Program Files\Java\jdk1.8.0_191\bin;D:\apache-maven-3.3.9-bin\apache-maven-3.3.9\bin;D:\Tools\Jenkins\JenkinsHome;D:\apache-tomcat-8.0.1\apache-tomcat-8.0.1\bin;C:\Program Files (x86)\Microsoft SQL Server\Client SDK\ODBC\130\Tools\Binn\;C:\Program Files (x86)\Microsoft SQL Server\140\Tools\Binn\;C:\Program Files (x86)\Microsoft SQL Server\140\DTS\Binn\;C:\Program Files (x86)\Microsoft SQL Server\140\Tools\Binn\ManagementStudio\;C:\Users\razi.ahmad\AppData\Local\Microsoft\WindowsApps;;."/>
    <property name="java.vm.info" value="mixed mode"/>
    <property name="java.vendor" value="Oracle Corporation"/>
    <property name="java.vm.version" value="25.191-b12"/>
    <property name="java.ext.dirs" value="C:\Program Files\Java\jdk1.8.0_191\jre\lib\ext;C:\windows\Sun\Java\lib\ext"/>
    <property name="sun.io.unicode.encoding" value="UnicodeLittle"/>
    <property name="java.class.version" value="52.0"/>
  </properties>
  <testcase name="testDeleteEmployee" classname="com.slkgroup.spring.web.service.impl.EmployeeServiceImplTest" time="0"/>
  <testcase name="testGetEmployee" classname="com.slkgroup.spring.web.service.impl.EmployeeServiceImplTest" time="0.004"/>
  <testcase name="testGetAllEmployeesString" classname="com.slkgroup.spring.web.service.impl.EmployeeServiceImplTest" time="0.006"/>
  <testcase name="testUpdateEmployee" classname="com.slkgroup.spring.web.service.impl.EmployeeServiceImplTest" time="0.006"/>
  <testcase name="testingSeriveObject" classname="com.slkgroup.spring.web.service.impl.EmployeeServiceImplTest" time="0.002"/>
  <testcase name="testCreateEmployee" classname="com.slkgroup.spring.web.service.impl.EmployeeServiceImplTest" time="0.004"/>
  <testcase name="testGetAllEmployees" classname="com.slkgroup.spring.web.service.impl.EmployeeServiceImplTest" time="0.01"/>
</testsuite>